<?xml version="1.0" encoding="UTF-8"?>
<!-- Generated by org.testng.reporters.JUnitReportReporter -->
<testsuite name="com.test.ToastMsg" tests="1" time="20.685" ignored="0" failures="0" timestamp="20 Feb 2017 12:51:31 GMT" skipped="0" hostname="Amulya-PC" errors="0">
  <testcase name="toast" time="20.685" classname="com.test.ToastMsg"/>
</testsuite> <!-- com.test.ToastMsg -->
