<?xml version="1.0" encoding="UTF-8"?>
<!-- Generated by org.testng.reporters.JUnitReportReporter -->
<testsuite name="com.test.JsonFileCreation" tests="1" time="0.021" ignored="0" failures="0" timestamp="28 Jan 2017 07:31:14 GMT" skipped="0" hostname="CBT-087" errors="0">
  <testcase name="jsonWrite" time="0.021" classname="com.test.JsonFileCreation"/>
</testsuite> <!-- com.test.JsonFileCreation -->
