<?xml version="1.0" encoding="UTF-8"?>
<!-- Generated by org.testng.reporters.JUnitReportReporter -->
<testsuite name="com.test.JsonFileReading" tests="1" time="0.043" ignored="0" failures="0" timestamp="20 Feb 2017 13:08:38 GMT" skipped="0" hostname="Amulya-PC" errors="0">
  <testcase name="readingData" time="0.043" classname="com.test.JsonFileReading"/>
</testsuite> <!-- com.test.JsonFileReading -->
