<?xml version="1.0" encoding="UTF-8"?>
<!-- Generated by org.testng.reporters.JUnitReportReporter -->
<testsuite name="com.test.Camerashot" tests="1" time="28.683" ignored="2" failures="0" timestamp="27 Jan 2017 12:27:18 GMT" skipped="0" hostname="CBT-087" errors="0">
  <testcase name="datePickerApp" time="28.683" classname="com.test.Camerashot"/>
  <testcase name="cameraApp1" classname="com.test.Camerashot">
    <skipped/>
  </testcase> <!-- cameraApp1 -->
  <testcase name="cameraApp2" classname="com.test.Camerashot">
    <skipped/>
  </testcase> <!-- cameraApp2 -->
</testsuite> <!-- com.test.Camerashot -->
